[2025-10-27 14:27:13] [INFO] ========================================
[2025-10-27 14:27:13] [INFO] INICIANDO DEPLOY PARA PRODUÇÃO
[2025-10-27 14:27:13] [INFO] Ambiente: production
[2025-10-27 14:27:13] [INFO] ========================================
[2025-10-27 14:27:13] [INFO] Verificando pré-requisitos...
[2025-10-27 14:27:16] [SUCCESS] Docker encontrado: Docker version 28.4.0, build d8eb465
[2025-10-27 14:27:17] [SUCCESS] Docker Compose encontrado: Docker Compose version v2.39.2-desktop.1
[2025-10-27 14:27:17] [SUCCESS] Pré-requisitos verificados com sucesso!
[2025-10-27 14:27:17] [INFO] Executando testes...
[2025-10-27 14:27:22] [INFO] Criando backup antes do deploy...
[2025-10-27 14:27:22] [SUCCESS] Backup de uploads criado!
[2025-10-27 14:27:22] [SUCCESS] Backup de logs criado!
[2025-10-27 14:27:22] [INFO] Construindo imagem Docker para produção...
[2025-10-27 14:28:56] [SUCCESS] Imagem Docker construída com sucesso!
[2025-10-27 14:28:56] [INFO] Iniciando deploy em produção...
[2025-10-27 14:28:56] [INFO] Parando containers existentes...
[2025-10-27 14:28:56] [INFO] Criando volumes necessários...
[2025-10-27 14:28:56] [INFO] Volume criado: /var/lib/docker/volumes/transporte_postgres_data_prod
[2025-10-27 14:28:57] [INFO] Volume criado: /var/backups/transporte-escolar
[2025-10-27 14:28:57] [INFO] Volume criado: /var/uploads/transporte-escolar
[2025-10-27 14:28:57] [INFO] Volume criado: /var/log/transporte-escolar
[2025-10-27 14:28:57] [INFO] Iniciando serviços em produção...
[2025-10-27 14:29:54] [ERROR] Falha ao iniciar serviços!
